/Library/Frameworks/Python.framework/Versions/3.10/lib/python3.10/site-packages/scipy/__init__.py:146: UserWarning: A NumPy version >=1.16.5 and <1.23.0 is required for this version of SciPy (detected version 1.23.0
  warnings.warn(f"A NumPy version >={np_minversion} and <{np_maxversion}"
[]
Single finished after 20.466131925582886s.
[]
Multi jit finished after 54.49685192108154s.
2024-02-16 15:13:48,532 - INFO - Main script started.
2024-02-16 15:13:48,533 - INFO - A total of 5 parameter set(s) will be simulated
2024-02-16 15:13:48,533 - INFO - Simulation started with following input parameters:
2024-02-16 15:13:48,533 - INFO - Input path:
/Users/janlucal/Documents/GitHub/HubaldModel/Python/Optimized/batch/100.txt

2024-02-16 15:13:48,534 - INFO - matrix_mode = import
2024-02-16 15:13:48,534 - INFO - launch_mode = njit
2024-02-16 15:13:48,534 - INFO - accuracy = 20
2024-02-16 15:13:48,534 - INFO - prob_thresh = 10**(-15)
2024-02-16 15:13:48,534 - INFO - starting_sats = 50000
2024-02-16 15:13:48,534 - INFO - sigma = 2000
2024-02-16 15:13:48,534 - INFO - fragment_collision_prob = 0.0004
2024-02-16 15:13:48,534 - INFO - active_percentage = 0.8
2024-02-16 15:13:48,534 - INFO - aLimits = [200000, 2000000]
2024-02-16 15:13:48,534 - INFO - small_fragments = 100000000
2024-02-16 15:13:48,534 - INFO - large_fragments = 100000
2024-02-16 15:13:48,534 - INFO - timestep = 3
2024-02-16 15:13:48,534 - INFO - tmax = 1200
2024-02-16 15:13:48,534 - INFO - starts_per_timestep = 100
2024-02-16 15:13:48,534 - INFO - deorbits_per_timestep = 10
2024-02-16 15:13:48,534 - INFO - num_workers = 12
2024-02-16 15:13:48,534 - INFO - Importing data.
2024-02-16 15:13:49,451 - INFO - Kessler model employed.

Timestep 0 of 1200













Timestep 3 of 1200













Timestep 6 of 1200













Timestep 9 of 1200













Timestep 12 of 1200













Timestep 15 of 1200













Timestep 18 of 1200













Timestep 21 of 1200













Timestep 24 of 1200













Timestep 27 of 1200













Timestep 30 of 1200













Timestep 33 of 1200













Timestep 36 of 1200













Timestep 39 of 1200













Timestep 42 of 1200













Timestep 45 of 1200













Timestep 48 of 1200













Timestep 51 of 1200













Timestep 54 of 1200













Timestep 57 of 1200













Timestep 60 of 1200













Timestep 63 of 1200













Timestep 66 of 1200













Timestep 69 of 1200













Timestep 72 of 1200













Timestep 75 of 1200













Timestep 78 of 1200













Timestep 81 of 1200













Timestep 84 of 1200













Timestep 87 of 1200













Timestep 90 of 1200













Timestep 93 of 1200













Timestep 96 of 1200













Timestep 99 of 1200













Timestep 102 of 1200













Timestep 105 of 1200













Timestep 108 of 1200













Timestep 111 of 1200













Timestep 114 of 1200













Timestep 117 of 1200













Timestep 120 of 1200













Timestep 123 of 1200













Timestep 126 of 1200













Timestep 129 of 1200













Timestep 132 of 1200













Timestep 135 of 1200













Timestep 138 of 1200













Timestep 141 of 1200













Timestep 144 of 1200













Timestep 147 of 1200













Timestep 150 of 1200













Timestep 153 of 1200













Timestep 156 of 1200













Timestep 159 of 1200













Timestep 162 of 1200













Timestep 165 of 1200













Timestep 168 of 1200













Timestep 171 of 1200













Timestep 174 of 1200













Timestep 177 of 1200













Timestep 180 of 1200













Timestep 183 of 1200













Timestep 186 of 1200













Timestep 189 of 1200













Timestep 192 of 1200













Timestep 195 of 1200













Timestep 198 of 1200













Timestep 201 of 1200













Timestep 204 of 1200













Timestep 207 of 1200













Timestep 210 of 1200













Timestep 213 of 1200













Timestep 216 of 1200













Timestep 219 of 1200













Timestep 222 of 1200













Timestep 225 of 1200













Timestep 228 of 1200













Timestep 231 of 1200













Timestep 234 of 1200













Timestep 237 of 1200













Timestep 240 of 1200













Timestep 243 of 1200













Timestep 246 of 1200













Timestep 249 of 1200













Timestep 252 of 1200













Timestep 255 of 1200













Timestep 258 of 1200













Timestep 261 of 1200













Timestep 264 of 1200













Timestep 267 of 1200













Timestep 270 of 1200













Timestep 273 of 1200













Timestep 276 of 1200













Timestep 279 of 1200













Timestep 282 of 1200













Timestep 285 of 1200













Timestep 288 of 1200













Timestep 291 of 1200













Timestep 294 of 1200













Timestep 297 of 1200













Timestep 300 of 1200













Timestep 303 of 1200













Timestep 306 of 1200













Timestep 309 of 1200













Timestep 312 of 1200













Timestep 315 of 1200













Timestep 318 of 1200













Timestep 321 of 1200













Timestep 324 of 1200













Timestep 327 of 1200













Timestep 330 of 1200













Timestep 333 of 1200













Timestep 336 of 1200













Timestep 339 of 1200













Timestep 342 of 1200













Timestep 345 of 1200













Timestep 348 of 1200













Timestep 351 of 1200













Timestep 354 of 1200













Timestep 357 of 1200













Timestep 360 of 1200













Timestep 363 of 1200













Timestep 366 of 1200













Timestep 369 of 1200













Timestep 372 of 1200













Timestep 375 of 1200













Timestep 378 of 1200













Timestep 381 of 1200













Timestep 384 of 1200













Timestep 387 of 1200













Timestep 390 of 1200













Timestep 393 of 1200













Timestep 396 of 1200













Timestep 399 of 1200













Timestep 402 of 1200













Timestep 405 of 1200













Timestep 408 of 1200













Timestep 411 of 1200













Timestep 414 of 1200













Timestep 417 of 1200













Timestep 420 of 1200













Timestep 423 of 1200













Timestep 426 of 1200













Timestep 429 of 1200













Timestep 432 of 1200













Timestep 435 of 1200













Timestep 438 of 1200













Timestep 441 of 1200













Timestep 444 of 1200













Timestep 447 of 1200













Timestep 450 of 1200













Timestep 453 of 1200













Timestep 456 of 1200













Timestep 459 of 1200













Timestep 462 of 1200













Timestep 465 of 1200













Timestep 468 of 1200













Timestep 471 of 1200













Timestep 474 of 1200













Timestep 477 of 1200













Timestep 480 of 1200













Timestep 483 of 1200













Timestep 486 of 1200













Timestep 489 of 1200













Timestep 492 of 1200













Timestep 495 of 1200













Timestep 498 of 1200













Timestep 501 of 1200













Timestep 504 of 1200













Timestep 507 of 1200













Timestep 510 of 1200













Timestep 513 of 1200













Timestep 516 of 1200













Timestep 519 of 1200













Timestep 522 of 1200













Timestep 525 of 1200













Timestep 528 of 1200













Timestep 531 of 1200













Timestep 534 of 1200













Timestep 537 of 1200













Timestep 540 of 1200













Timestep 543 of 1200













Timestep 546 of 1200













Timestep 549 of 1200













Timestep 552 of 1200













Timestep 555 of 1200













Timestep 558 of 1200













Timestep 561 of 1200













Timestep 564 of 1200













Timestep 567 of 1200













Timestep 570 of 1200













Timestep 573 of 1200













Timestep 576 of 1200













Timestep 579 of 1200













Timestep 582 of 1200













Timestep 585 of 1200













Timestep 588 of 1200













Timestep 591 of 1200













Timestep 594 of 1200













Timestep 597 of 1200













Timestep 600 of 1200













Timestep 603 of 1200













Timestep 606 of 1200













Timestep 609 of 1200













Timestep 612 of 1200













Timestep 615 of 1200













Timestep 618 of 1200













Timestep 621 of 1200













Timestep 624 of 1200













Timestep 627 of 1200













Timestep 630 of 1200













Timestep 633 of 1200













Timestep 636 of 1200













Timestep 639 of 1200













Timestep 642 of 1200













Timestep 645 of 1200













Timestep 648 of 1200













Timestep 651 of 1200













Timestep 654 of 1200













Timestep 657 of 1200













Timestep 660 of 1200













Timestep 663 of 1200













Timestep 666 of 1200













Timestep 669 of 1200













Timestep 672 of 1200













Timestep 675 of 1200













Timestep 678 of 1200













Timestep 681 of 1200













Timestep 684 of 1200













Timestep 687 of 1200













Timestep 690 of 1200













Timestep 693 of 1200













Timestep 696 of 1200













Timestep 699 of 1200













Timestep 702 of 1200













Timestep 705 of 1200













Timestep 708 of 1200













Timestep 711 of 1200













Timestep 714 of 1200













Timestep 717 of 1200













Timestep 720 of 1200













Timestep 723 of 1200













